<?xml version="1.0" encoding="UTF-8"?>
<!-- Generated by org.testng.reporters.JUnitReportReporter -->
<testsuite skipped="0" hostname="LAPTOP-GBNS2410" name="test_script.Flipkart_TShirt" tests="1" failures="0" timestamp="20 Dec 2019 02:13:30 GMT" time="49.635" errors="0">
  <testcase name="Flipkart_TShirtt" time="49.635" classname="test_script.Flipkart_TShirt"/>
</testsuite> <!-- test_script.Flipkart_TShirt -->
