<?xml version="1.0" encoding="UTF-8"?>
<!-- Generated by org.testng.reporters.JUnitReportReporter -->
<testsuite skipped="0" hostname="LAPTOP-GBNS2410" name="property_file.Property123" tests="1" failures="0" timestamp="21 Dec 2019 02:09:07 GMT" time="0.014" errors="0">
  <testcase name="test_property" time="0.014" classname="property_file.Property123"/>
</testsuite> <!-- property_file.Property123 -->
